LU_thrust.cu(45): error: an enclosing-function local variable cannot be referenced in a lambda body unless it is in the capture list

LU_thrust.cu(45): error: an enclosing-function local variable cannot be referenced in a lambda body unless it is in the capture list

LU_thrust.cu(50): error: an enclosing-function local variable cannot be referenced in a lambda body unless it is in the capture list

LU_thrust.cu(50): error: an enclosing-function local variable cannot be referenced in a lambda body unless it is in the capture list

LU_thrust.cu(52): error: an enclosing-function local variable cannot be referenced in a lambda body unless it is in the capture list

LU_thrust.cu(52): error: an enclosing-function local variable cannot be referenced in a lambda body unless it is in the capture list

LU_thrust.cu(57): error: an enclosing-function local variable cannot be referenced in a lambda body unless it is in the capture list

LU_thrust.cu(57): error: an enclosing-function local variable cannot be referenced in a lambda body unless it is in the capture list

LU_thrust.cu(59): error: an enclosing-function local variable cannot be referenced in a lambda body unless it is in the capture list

LU_thrust.cu(37): error: no instance of overloaded function "thrust::transform" matches the argument list
            argument types are: (thrust::zip_iterator<thrust::tuple<thrust::detail::normal_iterator<thrust::device_ptr<float>>, thrust::detail::normal_iterator<thrust::device_ptr<float>>, thrust::null_type, thrust::null_type, thrust::null_type, thrust::null_type, thrust::null_type, thrust::null_type, thrust::null_type, thrust::null_type>>, thrust::zip_iterator<thrust::tuple<thrust::detail::normal_iterator<thrust::device_ptr<float>>, thrust::detail::normal_iterator<thrust::device_ptr<float>>, thrust::null_type, thrust::null_type, thrust::null_type, thrust::null_type, thrust::null_type, thrust::null_type, thrust::null_type, thrust::null_type>>, lambda [](thrust::tuple<float, float, thrust::null_type, thrust::null_type, thrust::null_type, thrust::null_type, thrust::null_type, thrust::null_type, thrust::null_type, thrust::null_type>)-><error-type>)

10 errors detected in the compilation of "LU_thrust.cu".
/var/spool/slurmd/job294961/slurm_script: line 15: ./LU_thrust: No such file or directory
